[0m[[0m[0mdebug[0m] [0m[0m> Exec(testOnly SingleCycle.topModuletester -- -DwriteVcd=1, Some(3816e459-77f0-4093-b7f5-d2c5436df58f), Some(CommandSource(console0)))[0m
[0m[[0m[0mdebug[0m] [0m[0mEvaluating tasks: Test / testOnly[0m
[0m[[0m[0mdebug[0m] [0m[0mRunning task... Cancel: Signal, check cycles: false, forcegc: true[0m
[0m[[0m[0minfo[0m] [0m[0mcompiling 1 Scala source to /home/saad/Desktop/5stagepipeline/target/scala-2.12/classes ...[0m
[0m[[0m[0minfo[0m] [0m[0m[32mtopModuletester:[0m[0m
[0m[[0m[0minfo[0m] [0m[0m[31m- top tester *** FAILED ***[0m[0m
[0m[[0m[0minfo[0m] [0m[0m[31m  scala.UninitializedFieldError: Uninitialized field: /home/saad/Desktop/5stagepipeline/src/main/scala/gcd/SingleCycle/TopModule.scala: 167[0m[0m
[0m[[0m[0minfo[0m] [0m[0m[31m  at ... ()[0m[0m
[0m[[0m[0minfo[0m] [0m[0m[31m  at SingleCycle.TopModule.ExMemout(TopModule.scala:167)[0m[0m
[0m[[0m[0minfo[0m] [0m[0m[31m  at SingleCycle.TopModule.$anonfun$new$52(TopModule.scala:94)[0m[0m
[0m[[0m[0minfo[0m] [0m[0m[31m  at chisel3.Data.$anonfun$$colon$eq$1(Data.scala:525)[0m[0m
[0m[[0m[0minfo[0m] [0m[0m[31m  at scala.runtime.java8.JFunction0$mcV$sp.apply(JFunction0$mcV$sp.java:23)[0m[0m
[0m[[0m[0minfo[0m] [0m[0m[31m  at chisel3.internal.prefix$.apply(prefix.scala:32)[0m[0m
[0m[[0m[0minfo[0m] [0m[0m[31m  at chisel3.Data.$colon$eq(Data.scala:525)[0m[0m
[0m[[0m[0minfo[0m] [0m[0m[31m  at SingleCycle.TopModule.$anonfun$new$51(TopModule.scala:94)[0m[0m
[0m[[0m[0minfo[0m] [0m[0m[31m  at scala.runtime.java8.JFunction0$mcV$sp.apply(JFunction0$mcV$sp.java:23)[0m[0m
[0m[[0m[0minfo[0m] [0m[0m[31m  at chisel3.WhenContext.<init>(When.scala:124)[0m[0m
[0m[[0m[0minfo[0m] [0m[0m[31m  ...[0m[0m
[0m[[0m[0minfo[0m] [0m[0m[36mRun completed in 1 second, 5 milliseconds.[0m[0m
[0m[[0m[0minfo[0m] [0m[0m[36mTotal number of tests run: 1[0m[0m
[0m[[0m[0minfo[0m] [0m[0m[36mSuites: completed 1, aborted 0[0m[0m
[0m[[0m[0minfo[0m] [0m[0m[36mTests: succeeded 0, failed 1, canceled 0, ignored 0, pending 0[0m[0m
[0m[[0m[0minfo[0m] [0m[0m[31m*** 1 TEST FAILED ***[0m[0m
[0m[[0m[31merror[0m] [0m[0mFailed tests:[0m
[0m[[0m[31merror[0m] [0m[0m	SingleCycle.topModuletester[0m
[0m[[0m[31merror[0m] [0m[0m(Test / [31mtestOnly[0m) sbt.TestsFailedException: Tests unsuccessful[0m
[0m[[0m[31merror[0m] [0m[0mTotal time: 3 s, completed Jul 12, 2024, 8:10:18 PM[0m
[0m[[0m[0mdebug[0m] [0m[0m> Exec(shell, None, None)[0m
[0m[[0m[0mdebug[0m] [0m[0mForcing garbage collection...[0m
[0m[[0m[0minfo[0m] [0m[0mshutting down sbt server[0m
